<?xml version="1.0" encoding="UTF-8"?>
<!-- Generated by org.testng.reporters.JUnitReportReporter -->
<testsuite hostname="Wandi" failures="0" tests="1" name="testNg" time="0.007" errors="0" timestamp="2021-10-11T01:01:36 WIB" skipped="0">
  <testcase classname="testNg" name="Demo" time="0.007"/>
  <system-out/>
</testsuite> <!-- testNg -->
