<?xml version="1.0" encoding="UTF-8"?>
<!-- Generated by org.testng.reporters.JUnitReportReporter -->
<testsuite hostname="Wandi" failures="0" tests="1" name="test_file.b_checkout" time="228.382" errors="0" timestamp="2021-10-19T14:19:57 WIB" skipped="0">
  <testcase classname="test_file.b_checkout" name="CheckoutSKU" time="228.382"/>
  <system-out/>
</testsuite> <!-- test_file.b_checkout -->
