<?xml version="1.0" encoding="UTF-8"?>
<!-- Generated by org.testng.reporters.JUnitReportReporter -->
<testsuite hostname="Wandi" failures="0" tests="1" name="test_file.b_login" time="167.694" errors="0" timestamp="2021-10-19T01:14:39 WIB" skipped="0">
  <testcase classname="test_file.b_login" name="ValidEmail" time="167.694"/>
  <system-out/>
</testsuite> <!-- test_file.b_login -->
